CPUPercentage
39.534883722012374
32.4324324325653
40.476190474540594
38.09523809581555
33.33333333333333
33.333333332400514
38.09523809404193
36.58536585541152
26.829268291709045
35.89743589693361
41.0256410262629
38.09523809754792
36.84210526255324
32.49999999836291
39.024390243534526
41.46341463719783
28.947368420851085
46.51162790705545
32.49999999836291
33.33333333395521
28.20512820519996
35.89743589693361
39.02439024630468
34.0909090894058
27.777777779462028
38.46153845960107
31.707317072261777
38.461538463404096
35.13513513683587
34.14634146209449
CPUPercentage
27.906976744402474
25.000000000909495
26.19047619068243
24.39024390360768
23.07692307613377
30.23255814026287
24.32432432368655
24.999999997271516
21.4285714303038
23.68421052606385
CPUPercentage
35.89743589867965
35.71428571354327
27.02702702484796
28.94736841989372
28.57142857316094
26.829268293483672
25.64102563973405
25.64102564164752
30.7692307710964
31.70731707314909
30.952380951679753
31.70731707314909
29.26829268154176
27.499999999636206
30.769230770163585
30.769230767867423
23.68421052606385
23.68421052510649
28.20512820519996
26.31578947489351
26.315789474994283
27.5000000005457
29.26829268242907
29.999999999272404
26.315789472978786
28.20512820519996
31.7073170740364
30.000000001091394
24.324324324669785
26.315789472978786
29.26829268242907
25.64102564164752
28.205128204267144
29.26829268242907
27.499999999636206
26.315789472978786
36.585365853701816
38.09523809754792
37.83783783815672
36.84210526255324
21.052631579148915
19.44444444354618
30.0000000001819
33.333333334488245
32.500000000727596
30.769230768800238
CPUPercentage
19.512195121323607
26.829268291709045
23.076923077855895
24.324324324669785
17.4999999998181
25.64102563973405
24.39024390360768
21.621621621382456
24.39024390276365
26.829268291709045
CPUPercentage
40.47619047627297
39.58333333295438
34.9999999994543
35.0000000003638
26.829268294500835
26.82926829259636
